INFO	?	main	2017-03-22T04:27:16.566Z	org.javacs.Main#connectToNode	Connected to parent using socket on port 55282
INFO	?	main	2017-03-22T04:27:16.879Z	org.javacs.JavaLanguageServer#doLint	Lint [c:\Users\MyPC\AppData\Local\Temp\Rar$DIa0.918\CallJsdk.java]
SEVERE	?	main	2017-03-22T04:27:16.888Z	org.javacs.Main$4#onError	null
java.lang.NullPointerException
	at org.javacs.JavaLanguageServer.readIfConfig(JavaLanguageServer.java:540)
	at org.javacs.JavaLanguageServer.doFindConfig(JavaLanguageServer.java:525)
	at java.util.HashMap.computeIfAbsent(Unknown Source)
	at org.javacs.JavaLanguageServer.findConfig(JavaLanguageServer.java:517)
	at org.javacs.JavaLanguageServer.doLint(JavaLanguageServer.java:315)
	at org.javacs.JavaLanguageServer.doLint(JavaLanguageServer.java:303)
	at org.javacs.JavaLanguageServer.access$1000(JavaLanguageServer.java:31)
	at org.javacs.JavaLanguageServer$1.lambda$didOpen$14(JavaLanguageServer.java:193)
	at java.util.Optional.ifPresent(Unknown Source)
	at org.javacs.JavaLanguageServer$1.didOpen(JavaLanguageServer.java:188)
	at io.typefox.lsapi.services.transport.server.LanguageServerEndpoint._doAccept(LanguageServerEndpoint.xtend:198)
	at io.typefox.lsapi.services.transport.server.LanguageServerEndpoint.doAccept(LanguageServerEndpoint.xtend:194)
	at io.typefox.lsapi.services.transport.server.LanguageServerEndpoint.accept(LanguageServerEndpoint.xtend:114)
	at io.typefox.lsapi.services.transport.server.LanguageServerEndpoint.accept(LanguageServerEndpoint.xtend)
	at io.typefox.lsapi.services.transport.AbstractLanguageEndpoint.handleMessage(LanguageEndpoint.xtend:67)
	at io.typefox.lsapi.services.transport.AbstractLanguageEndpoint.lambda$connect$4(LanguageEndpoint.xtend:61)
	at io.typefox.lsapi.services.json.StreamMessageReader$1.apply(StreamMessageReader.java:46)
	at io.typefox.lsapi.services.json.StreamMessageReader$1.apply(StreamMessageReader.java:44)
	at io.typefox.lsapi.services.json.StreamMessageReader.handleMessage(StreamMessageReader.xtend:128)
	at io.typefox.lsapi.services.json.StreamMessageReader.listen(StreamMessageReader.xtend:61)
	at io.typefox.lsapi.services.transport.AbstractLanguageEndpoint.connect(LanguageEndpoint.xtend:60)
	at org.javacs.Main.run(Main.java:150)
	at org.javacs.Main.main(Main.java:69)

